 #              _____________________  _______________________             #
 #              ___  __ \__  __ \_  / / /_  /___  ____/_  ___/             #
 #              __  / / /_  /_/ /  / / /_  __/_  __/  _____ \              #
 #              _  /_/ /_  _, _// /_/ / / /_ _  /___  ____/ /              #
 #              /_____/ /_/ |_| \____/  \__/ /_____/  /____/               #
 #                                                                         #
  
 DRUtES is initializing, reading input files
 ---------------------------------------------------------------
 15hrs : 45min : 45.484s  -  2025/02/13    total number of parallel images is:                    1
 ---------------------------------------------------------------
 15hrs : 45min : 45.484s  -  2025/02/13    reading input files and allocating...
 ---------------------------------------------------------------
 15hrs : 45min : 45.550s  -  2025/02/13    number of nodes:                   44 number of elements:                   43
 ---------------------------------------------------------------
 15hrs : 45min : 45.551s  -  2025/02/13    current working directory: /mnt/c/Users/hajkovamariana/OneDrive - CZU v Praze/Plocha/Drutes_freezing/drutes-dev-testing
 ---------------------------------------------------------------
 15hrs : 45min : 45.940s  -  2025/02/13    analyzing mesh structure...
 ---------------------------------------------------------------
 15hrs : 45min : 45.973s  -  2025/02/13    DRUtES solves coupled water and heat flow considering freezing and melting
 ---------------------------------------------------------------
 15hrs : 45min : 46.005s  -  2025/02/13    making output files for observation time
 ---------------------------------------------------------------
 15hrs : 45min : 46.106s  -  2025/02/13    go 4 solving
 ---------------------------------------------------------------
 15hrs : 45min : 46.186s  -  2025/02/13    current simulation time:   1.0000000000000000 total iteration count:                    1
 ---------------------------------------------------------------
 15hrs : 46min : 58.446s  -  2025/02/13    making output files for observation time
 ---------------------------------------------------------------
 15hrs : 48min : 13.495s  -  2025/02/13    making output files for observation time
 ---------------------------------------------------------------
 15hrs : 49min : 36.453s  -  2025/02/13    making output files for observation time
 ---------------------------------------------------------------
 15hrs : 51min : 12.465s  -  2025/02/13    making output files for observation time
 ---------------------------------------------------------------
 15hrs : 53min : 46.952s  -  2025/02/13    making output files for observation time
 ---------------------------------------------------------------
 15hrs : 55min : 12.264s  -  2025/02/13    making output files for observation time
 ---------------------------------------------------------------
 15hrs : 56min : 49.474s  -  2025/02/13    making output files for observation time
 ---------------------------------------------------------------
 15hrs : 58min : 15.570s  -  2025/02/13    making output files for observation time
 ---------------------------------------------------------------
 15hrs : 58min : 15.868s  -  2025/02/13    # real elapsed CPU time =   12.507666666666667 min
 ---------------------------------------------------------------
 15hrs : 58min : 15.909s  -  2025/02/13    minimal adjusted time step was   1.0000000000000000
 ---------------------------------------------------------------
 15hrs : 58min : 15.913s  -  2025/02/13    F I N I S H E D !!!!!
 ---------------------------------------------------------------
 15hrs : 58min : 15.992s  -  2025/02/13    Peak RAM  consumption on image                    1 was:                11152 kB
 ---------------------------------------------------------------
 15hrs : 58min : 15.994s  -  2025/02/13    Peak SWAP consumption on image                    1 was:                    0 kB
